<?xml version="1.0" encoding="UTF-8"?>
<!-- Generated by org.testng.reporters.JUnitXMLReporter -->
<testsuite ignored="0" hostname="Navin" failures="0" tests="3" name="Default test" time="6.17" errors="0" timestamp="2023-01-26T18:39:57 IST">
  <testcase classname="com.Pre_Interview_Assessment.runner.TestRunner" name="search_school" time="0.55"/>
  <testcase classname="com.Pre_Interview_Assessment.runner.TestRunner" name="news_contactGroup" time="4.291"/>
  <testcase classname="com.Pre_Interview_Assessment.runner.TestRunner" name="qatest_contactGroup" time="1.218"/>
</testsuite> <!-- Default test -->
