<?xml version="1.0" encoding="UTF-8"?>
<testng-results ignored="0" total="3" passed="3" failed="0" skipped="0">
  <reporter-output>
  </reporter-output>
  <suite started-at="2023-01-26T18:39:51 IST" name="Default suite" finished-at="2023-01-26T18:39:57 IST" duration-ms="6170">
    <groups>
    </groups>
    <test started-at="2023-01-26T18:39:51 IST" name="Default test" finished-at="2023-01-26T18:39:57 IST" duration-ms="6170">
      <class name="com.Pre_Interview_Assessment.runner.TestRunner">
        <test-method is-config="true" signature="Browserlaunch()[pri:0, instance:com.Pre_Interview_Assessment.runner.TestRunner@496bc455]" started-at="2023-01-26T18:39:46 IST" name="Browserlaunch" finished-at="2023-01-26T18:39:51 IST" duration-ms="4885" status="PASS">
          <reporter-output>
          </reporter-output>
        </test-method> <!-- Browserlaunch -->
        <test-method signature="search_school()[pri:0, instance:com.Pre_Interview_Assessment.runner.TestRunner@496bc455]" started-at="2023-01-26T18:39:51 IST" name="search_school" finished-at="2023-01-26T18:39:52 IST" duration-ms="550" status="PASS">
          <reporter-output>
          </reporter-output>
        </test-method> <!-- search_school -->
        <test-method signature="news_contactGroup()[pri:0, instance:com.Pre_Interview_Assessment.runner.TestRunner@496bc455]" started-at="2023-01-26T18:39:52 IST" name="news_contactGroup" finished-at="2023-01-26T18:39:56 IST" depends-on-methods="com.Pre_Interview_Assessment.runner.TestRunner.search_school" duration-ms="4291" status="PASS">
          <reporter-output>
          </reporter-output>
        </test-method> <!-- news_contactGroup -->
        <test-method signature="qatest_contactGroup()[pri:0, instance:com.Pre_Interview_Assessment.runner.TestRunner@496bc455]" started-at="2023-01-26T18:39:56 IST" name="qatest_contactGroup" finished-at="2023-01-26T18:39:57 IST" depends-on-methods="com.Pre_Interview_Assessment.runner.TestRunner.news_contactGroup" duration-ms="1218" status="PASS">
          <reporter-output>
          </reporter-output>
        </test-method> <!-- qatest_contactGroup -->
        <test-method is-config="true" signature="browser_quit()[pri:0, instance:com.Pre_Interview_Assessment.runner.TestRunner@496bc455]" started-at="2023-01-26T18:39:57 IST" name="browser_quit" finished-at="2023-01-26T18:39:58 IST" duration-ms="376" status="PASS">
          <reporter-output>
          </reporter-output>
        </test-method> <!-- browser_quit -->
      </class> <!-- com.Pre_Interview_Assessment.runner.TestRunner -->
    </test> <!-- Default test -->
  </suite> <!-- Default suite -->
</testng-results>
